<?xml version="1.0" encoding="UTF-8"?>
<testsuite name="criterioDeBusqueda.OperadorNOTTest" tests="2" skipped="0" failures="0" errors="0" timestamp="2026-06-15T01:37:16.579Z" hostname="PRISCILA" time="0.147">
  <properties/>
  <testcase name="seFiltranItemsQueNoSatisfacenElCriterio()" classname="criterioDeBusqueda.OperadorNOTTest" time="0.124"/>
  <testcase name="noSeFiltranItemsQueNoSatisfacenElCriterio()" classname="criterioDeBusqueda.OperadorNOTTest" time="0.014"/>
  <system-out><![CDATA[]]></system-out>
  <system-err><![CDATA[]]></system-err>
</testsuite>
