<?xml version="1.0" encoding="UTF-8"?>
<testsuite name="medioDePago.billeteraVirtual.BilleteraVirtualTest" tests="5" skipped="0" failures="0" errors="0" timestamp="2026-06-12T20:38:59.327Z" hostname="PRISCILA" time="1.98">
  <properties/>
  <testcase name="seValidanLosDatosDeLaBilletera()" classname="medioDePago.billeteraVirtual.BilleteraVirtualTest" time="1.893"/>
  <testcase name="seReservanLosFondosDeLaBilletera()" classname="medioDePago.billeteraVirtual.BilleteraVirtualTest" time="0.01"/>
  <testcase name="seNotificaElResultadoDeUnaTransaccionDeLaBilletera()" classname="medioDePago.billeteraVirtual.BilleteraVirtualTest" time="0.007"/>
  <testcase name="seEjecutaLaTransaccionDeLaBilletera()" classname="medioDePago.billeteraVirtual.BilleteraVirtualTest" time="0.007"/>
  <testcase name="seChequeaLaAsignacionDeSaldoDeUnaBilletera()" classname="medioDePago.billeteraVirtual.BilleteraVirtualTest" time="0.012"/>
  <system-out><![CDATA[]]></system-out>
  <system-err><![CDATA[WARNING: A Java agent has been loaded dynamically (C:\Users\prisc\.gradle\caches\modules-2\files-2.1\net.bytebuddy\byte-buddy-agent\1.14.12\be4984cb6fd1ef1d11f218a648889dfda44b8a15\byte-buddy-agent-1.14.12.jar)
WARNING: If a serviceability tool is in use, please run with -XX:+EnableDynamicAgentLoading to hide this warning
WARNING: If a serviceability tool is not in use, please run with -Djdk.instrument.traceUsage for more information
WARNING: Dynamic loading of agents will be disallowed by default in a future release
]]></system-err>
</testsuite>
