<?xml version="1.0" encoding="UTF-8"?>
<testsuite name="criterioDeBusqueda.operadorBinario.OperadorANDTest" tests="3" skipped="0" failures="0" errors="0" timestamp="2026-06-14T17:58:55.007Z" hostname="PRISCILA" time="2.126">
  <properties/>
  <testcase name="seFiltranItemsQueSatisfacenAmbosCriterios()" classname="criterioDeBusqueda.operadorBinario.OperadorANDTest" time="2.043"/>
  <testcase name="noSeFiltranItemsQueNoSatisfacenAmbosCriterios()" classname="criterioDeBusqueda.operadorBinario.OperadorANDTest" time="0.017"/>
  <testcase name="seInicializaUnOperadorANDCorrectamente()" classname="criterioDeBusqueda.operadorBinario.OperadorANDTest" time="0.013"/>
  <system-out><![CDATA[]]></system-out>
  <system-err><![CDATA[WARNING: A Java agent has been loaded dynamically (C:\Users\prisc\.gradle\caches\modules-2\files-2.1\net.bytebuddy\byte-buddy-agent\1.14.12\be4984cb6fd1ef1d11f218a648889dfda44b8a15\byte-buddy-agent-1.14.12.jar)
WARNING: If a serviceability tool is in use, please run with -XX:+EnableDynamicAgentLoading to hide this warning
WARNING: If a serviceability tool is not in use, please run with -Djdk.instrument.traceUsage for more information
WARNING: Dynamic loading of agents will be disallowed by default in a future release
]]></system-err>
</testsuite>
