<?xml version="1.0" encoding="UTF-8"?>
<testsuite name="criterioDeBusqueda.operadorBinario.OperadorORTest" tests="3" skipped="0" failures="0" errors="0" timestamp="2026-06-15T01:37:16.795Z" hostname="PRISCILA" time="0.044">
  <properties/>
  <testcase name="seFiltranItemsPorAlMenosUnCriterioCombinado()" classname="criterioDeBusqueda.operadorBinario.OperadorORTest" time="0.012"/>
  <testcase name="seInicializaUnOperadorORCorrectamente()" classname="criterioDeBusqueda.operadorBinario.OperadorORTest" time="0.01"/>
  <testcase name="noSeFiltranItemsPorCriteriosCombinados()" classname="criterioDeBusqueda.operadorBinario.OperadorORTest" time="0.008"/>
  <system-out><![CDATA[]]></system-out>
  <system-err><![CDATA[]]></system-err>
</testsuite>
