<?xml version="1.0" encoding="UTF-8"?>
<testsuite name="metodoDeEnvio.RetiroEnSucursalTest" tests="1" skipped="0" failures="0" errors="0" timestamp="2026-06-19T19:07:39.307Z" hostname="alison-HP-Stream-Laptop-14-ax1xxx" time="2.293">
  <properties/>
  <testcase name="verificarElCostoDeRetiroEnSucursal()" classname="metodoDeEnvio.RetiroEnSucursalTest" time="2.187"/>
  <system-out><![CDATA[]]></system-out>
  <system-err><![CDATA[WARNING: A Java agent has been loaded dynamically (/home/alison/.gradle/caches/modules-2/files-2.1/net.bytebuddy/byte-buddy-agent/1.14.12/be4984cb6fd1ef1d11f218a648889dfda44b8a15/byte-buddy-agent-1.14.12.jar)
WARNING: If a serviceability tool is in use, please run with -XX:+EnableDynamicAgentLoading to hide this warning
WARNING: If a serviceability tool is not in use, please run with -Djdk.instrument.traceUsage for more information
WARNING: Dynamic loading of agents will be disallowed by default in a future release
]]></system-err>
</testsuite>
