<?xml version="1.0" encoding="UTF-8"?>
<testsuite name="criterioDeBusqueda.CriterioPorPrecioMaxTest" tests="3" skipped="0" failures="0" errors="0" timestamp="2026-06-15T01:37:16.488Z" hostname="PRISCILA" time="0.087">
  <properties/>
  <testcase name="noSeFiltranItemsPorPrecioMaximo()" classname="criterioDeBusqueda.CriterioPorPrecioMaxTest" time="0.014"/>
  <testcase name="seFiltranItemsPorPrecioMaximoCorrectamente()" classname="criterioDeBusqueda.CriterioPorPrecioMaxTest" time="0.008"/>
  <testcase name="seInicializaUnCriterioPorPrecioMaximoCorrectamente()" classname="criterioDeBusqueda.CriterioPorPrecioMaxTest" time="0.039"/>
  <system-out><![CDATA[]]></system-out>
  <system-err><![CDATA[]]></system-err>
</testsuite>
